[debug] [2025-01-14T06:44:40.139Z] ----------------------------------------------------------------------
[debug] [2025-01-14T06:44:40.142Z] Command:       /nix/store/if6aqyl3sl0hz14a12mndj35swb1mcwi-nodejs-20.17.0/bin/node /nix/store/p77y0rxv5lls1z0flirdcf720c9px72k-firebase-tools-13.29.0/lib/node_modules/firebase-tools/lib/bin/firebase.js init hosting
[debug] [2025-01-14T06:44:40.142Z] CLI Version:   13.29.0
[debug] [2025-01-14T06:44:40.142Z] Platform:      linux
[debug] [2025-01-14T06:44:40.143Z] Node Version:  v20.17.0
[debug] [2025-01-14T06:44:40.143Z] Time:          Tue Jan 14 2025 06:44:40 GMT+0000 (Coordinated Universal Time)
[debug] [2025-01-14T06:44:40.143Z] ----------------------------------------------------------------------
[debug] 
[debug] [2025-01-14T06:44:40.151Z] > command requires scopes: ["email","openid","https://www.googleapis.com/auth/cloudplatformprojects.readonly","https://www.googleapis.com/auth/firebase","https://www.googleapis.com/auth/cloud-platform"]
[debug] [2025-01-14T06:44:40.151Z] > authorizing via signed-in user (www.oqo3.ug@gmail.com)
[info] 
     ######## #### ########  ######## ########     ###     ######  ########
     ##        ##  ##     ## ##       ##     ##  ##   ##  ##       ##
     ######    ##  ########  ######   ########  #########  ######  ######
     ##        ##  ##    ##  ##       ##     ## ##     ##       ## ##
     ##       #### ##     ## ######## ########  ##     ##  ######  ########

You're about to initialize a Firebase project in this directory:

  /home/user/travel-agency

[info] 
=== Project Setup
[info] 
[info] First, let's associate this project directory with a Firebase project.
[info] You can create multiple project aliases by running firebase use --add, 
[info] but for now we'll just set up a default project.
[info] 
[info] i  If you want to create a project in a Google Cloud organization or folder, please use "firebase projects:create" instead, and return to this command when you've created the project. 
